{"meta": {"format": 3, "version": "7.6.12", "timestamp": "2025-02-22T05:40:03.024694", "branch_coverage": false, "show_contexts": false}, "files": {"src/cvx/ball/__init__.py": {"executed_lines": [0], "summary": {"covered_lines": 0, "num_statements": 0, "percent_covered": 100.0, "percent_covered_display": "100", "missing_lines": 0, "excluded_lines": 0}, "missing_lines": [], "excluded_lines": [], "functions": {"": {"executed_lines": [], "summary": {"covered_lines": 0, "num_statements": 0, "percent_covered": 100.0, "percent_covered_display": "100", "missing_lines": 0, "excluded_lines": 0}, "missing_lines": [], "excluded_lines": []}}, "classes": {"": {"executed_lines": [], "summary": {"covered_lines": 0, "num_statements": 0, "percent_covered": 100.0, "percent_covered_display": "100", "missing_lines": 0, "excluded_lines": 0}, "missing_lines": [], "excluded_lines": []}}}, "src/cvx/ball/server.py": {"executed_lines": [1, 3, 4, 5, 6, 8, 10, 11, 14, 15, 16, 17, 19, 21, 23, 26, 27, 30, 49, 50, 54, 65, 76, 88, 99], "summary": {"covered_lines": 24, "num_statements": 51, "percent_covered": 47.05882352941177, "percent_covered_display": "47", "missing_lines": 27, "excluded_lines": 3}, "missing_lines": [51, 52, 55, 56, 58, 59, 60, 61, 62, 63, 66, 67, 69, 70, 71, 72, 73, 74, 78, 79, 80, 83, 84, 85, 90, 91, 94], "excluded_lines": [44, 99, 100], "functions": {"BallServer.f": {"executed_lines": [16, 17, 19, 21, 23, 26, 27, 30], "summary": {"covered_lines": 8, "num_statements": 8, "percent_covered": 100.0, "percent_covered_display": "100", "missing_lines": 0, "excluded_lines": 0}, "missing_lines": [], "excluded_lines": []}, "FlightServer.__init__": {"executed_lines": [], "summary": {"covered_lines": 0, "num_statements": 2, "percent_covered": 0.0, "percent_covered_display": "0", "missing_lines": 2, "excluded_lines": 0}, "missing_lines": [51, 52], "excluded_lines": []}, "FlightServer.do_get": {"executed_lines": [], "summary": {"covered_lines": 0, "num_statements": 8, "percent_covered": 0.0, "percent_covered_display": "0", "missing_lines": 8, "excluded_lines": 0}, "missing_lines": [55, 56, 58, 59, 60, 61, 62, 63], "excluded_lines": []}, "FlightServer.do_put": {"executed_lines": [], "summary": {"covered_lines": 0, "num_statements": 8, "percent_covered": 0.0, "percent_covered_display": "0", "missing_lines": 8, "excluded_lines": 0}, "missing_lines": [66, 67, 69, 70, 71, 72, 73, 74], "excluded_lines": []}, "FlightServer.get_flight_info": {"executed_lines": [], "summary": {"covered_lines": 0, "num_statements": 6, "percent_covered": 0.0, "percent_covered_display": "0", "missing_lines": 6, "excluded_lines": 0}, "missing_lines": [78, 79, 80, 83, 84, 85], "excluded_lines": []}, "serve": {"executed_lines": [], "summary": {"covered_lines": 0, "num_statements": 3, "percent_covered": 0.0, "percent_covered_display": "0", "missing_lines": 3, "excluded_lines": 0}, "missing_lines": [90, 91, 94], "excluded_lines": []}, "": {"executed_lines": [1, 3, 4, 5, 6, 8, 10, 11, 14, 15, 49, 50, 54, 65, 76, 88, 99], "summary": {"covered_lines": 16, "num_statements": 16, "percent_covered": 100.0, "percent_covered_display": "100", "missing_lines": 0, "excluded_lines": 3}, "missing_lines": [], "excluded_lines": [44, 99, 100]}}, "classes": {"BallServer": {"executed_lines": [16, 17, 19, 21, 23, 26, 27, 30], "summary": {"covered_lines": 8, "num_statements": 8, "percent_covered": 100.0, "percent_covered_display": "100", "missing_lines": 0, "excluded_lines": 0}, "missing_lines": [], "excluded_lines": []}, "FlightServer": {"executed_lines": [], "summary": {"covered_lines": 0, "num_statements": 24, "percent_covered": 0.0, "percent_covered_display": "0", "missing_lines": 24, "excluded_lines": 0}, "missing_lines": [51, 52, 55, 56, 58, 59, 60, 61, 62, 63, 66, 67, 69, 70, 71, 72, 73, 74, 78, 79, 80, 83, 84, 85], "excluded_lines": []}, "": {"executed_lines": [1, 3, 4, 5, 6, 8, 10, 11, 14, 15, 49, 50, 54, 65, 76, 88, 99], "summary": {"covered_lines": 16, "num_statements": 19, "percent_covered": 84.21052631578948, "percent_covered_display": "84", "missing_lines": 3, "excluded_lines": 3}, "missing_lines": [90, 91, 94], "excluded_lines": [44, 99, 100]}}}, "src/cvx/ball/solver.py": {"executed_lines": [1, 2, 5, 7, 9, 10, 11, 19, 20, 22], "summary": {"covered_lines": 10, "num_statements": 10, "percent_covered": 100.0, "percent_covered_display": "100", "missing_lines": 0, "excluded_lines": 0}, "missing_lines": [], "excluded_lines": [], "functions": {"min_circle_cvx": {"executed_lines": [7, 9, 10, 11, 19, 20, 22], "summary": {"covered_lines": 7, "num_statements": 7, "percent_covered": 100.0, "percent_covered_display": "100", "missing_lines": 0, "excluded_lines": 0}, "missing_lines": [], "excluded_lines": []}, "": {"executed_lines": [1, 2, 5], "summary": {"covered_lines": 3, "num_statements": 3, "percent_covered": 100.0, "percent_covered_display": "100", "missing_lines": 0, "excluded_lines": 0}, "missing_lines": [], "excluded_lines": []}}, "classes": {"": {"executed_lines": [1, 2, 5, 7, 9, 10, 11, 19, 20, 22], "summary": {"covered_lines": 10, "num_statements": 10, "percent_covered": 100.0, "percent_covered_display": "100", "missing_lines": 0, "excluded_lines": 0}, "missing_lines": [], "excluded_lines": []}}}}, "totals": {"covered_lines": 34, "num_statements": 61, "percent_covered": 55.73770491803279, "percent_covered_display": "56", "missing_lines": 27, "excluded_lines": 3}}