SF:src/cvx/ball/__init__.py
end_of_record
SF:src/cvx/ball/server.py
DA:1,1
DA:3,1
DA:4,1
DA:5,1
DA:6,1
DA:8,1
DA:10,1
DA:11,1
DA:14,1
DA:15,1
DA:16,1
DA:17,1
DA:19,1
DA:21,1
DA:23,1
DA:26,1
DA:27,1
DA:30,1
DA:49,1
DA:50,1
DA:51,0
DA:52,0
DA:54,1
DA:55,0
DA:56,0
DA:58,0
DA:59,0
DA:60,0
DA:61,0
DA:62,0
DA:63,0
DA:65,1
DA:66,0
DA:67,0
DA:69,0
DA:70,0
DA:71,0
DA:72,0
DA:73,0
DA:74,0
DA:76,1
DA:78,0
DA:79,0
DA:80,0
DA:83,0
DA:84,0
DA:85,0
DA:88,1
DA:90,0
DA:91,0
DA:94,0
LF:51
LH:24
FN:15,30,BallServer.f
FNDA:1,BallServer.f
FN:50,52,FlightServer.__init__
FNDA:0,FlightServer.__init__
FN:54,63,FlightServer.do_get
FNDA:0,FlightServer.do_get
FN:65,74,FlightServer.do_put
FNDA:0,FlightServer.do_put
FN:76,85,FlightServer.get_flight_info
FNDA:0,FlightServer.get_flight_info
FN:88,94,serve
FNDA:0,serve
FNF:6
FNH:1
end_of_record
SF:src/cvx/ball/solver.py
DA:1,1
DA:2,1
DA:5,1
DA:7,1
DA:9,1
DA:10,1
DA:11,1
DA:19,1
DA:20,1
DA:22,1
LF:10
LH:10
FN:5,22,min_circle_cvx
FNDA:1,min_circle_cvx
FNF:1
FNH:1
end_of_record
