SF:src/cvx/ball/__init__.py
end_of_record
SF:src/cvx/ball/server.py
DA:1,1
DA:2,1
DA:3,1
DA:4,1
DA:6,1
DA:9,1
DA:10,1
DA:11,1
DA:12,1
DA:14,1
DA:16,1
DA:18,1
DA:21,1
DA:22,1
DA:25,1
DA:28,1
DA:29,1
DA:30,0
DA:32,1
DA:34,0
DA:35,0
DA:36,0
DA:38,1
DA:40,0
DA:43,1
DA:47,0
DA:48,0
DA:49,0
DA:50,0
LF:29
LH:20
FN:10,25,BallServer.f
FNDA:1,BallServer.f
FN:29,30,FlightServer.__init__
FNDA:0,FlightServer.__init__
FN:32,36,FlightServer.do_get
FNDA:0,FlightServer.do_get
FN:38,40,FlightServer.do_put
FNDA:0,FlightServer.do_put
FN:43,50,serve
FNDA:0,serve
FNF:5
FNH:1
end_of_record
SF:src/cvx/ball/solver.py
DA:1,1
DA:2,1
DA:5,1
DA:7,1
DA:9,1
DA:10,1
DA:11,1
DA:19,1
DA:20,1
DA:22,1
LF:10
LH:10
FN:5,22,min_circle_cvx
FNDA:1,min_circle_cvx
FNF:1
FNH:1
end_of_record
